<?xml version="1.0" encoding="UTF-8"?>
<!-- Generated by org.testng.reporters.JUnitXMLReporter -->
<testsuite hostname="DESKTOP-QV0QQHN" ignored="0" name="Test" tests="3" failures="1" timestamp="13 Nov 2020 05:40:56 GMT" time="0.04" errors="0">
  <testcase name="testone" time="0.009" classname="zoopla.uk.my.runner.Tese1"/>
  <testcase name="testThree" time="0.003" classname="zoopla.uk.my.runner.Test3">
    <failure type="java.lang.AssertionError">
      <![CDATA[java.lang.AssertionError
at org.junit.Assert.fail(Assert.java:92)
at org.junit.Assert.assertTrue(Assert.java:43)
at org.junit.Assert.assertTrue(Assert.java:54)
at zoopla.uk.my.runner.Test3.testThree(Test3.java:11)
... Removed 25 stack frames]]>
    </failure>
  </testcase> <!-- testThree -->
  <testcase name="testtwo" time="0.002" classname="zoopla.uk.my.runner.Test2"/>
</testsuite> <!-- Test -->
